<?xml version="1.0" encoding="UTF-8"?>
<testng-results skipped="0" failed="0" total="1" passed="1">
  <reporter-output>
  </reporter-output>
  <suite name="Suite" duration-ms="46747" started-at="2017-03-24T11:40:21Z" finished-at="2017-03-24T11:41:08Z">
    <groups>
    </groups>
    <test name="Test" duration-ms="46747" started-at="2017-03-24T11:40:21Z" finished-at="2017-03-24T11:41:08Z">
      <class name="NewTest">
        <test-method status="PASS" signature="GoogleLogin()[pri:0, instance:NewTest@1d057a39]" name="GoogleLogin" duration-ms="46399" started-at="2017-03-24T17:10:22Z" description="Login APP Title" finished-at="2017-03-24T17:11:08Z">
          <reporter-output>
          </reporter-output>
        </test-method> <!-- GoogleLogin -->
      </class> <!-- NewTest -->
    </test> <!-- Test -->
  </suite> <!-- Suite -->
</testng-results>
